<?xml version="1.1" encoding="UTF-8"?>
<testsuite name="BreakerTest" tests="11" failures="0" errors="0" timestamp="2015-07-18T14:57:23" hostname="localhost.localdomain" time="0.043">
  <properties/>
  <testcase name="cuatroRayas" classname="BreakerTest" time="0.006"/>
  <testcase name="unaRayas" classname="BreakerTest" time="0.005"/>
  <testcase name="X" classname="BreakerTest" time="0.001"/>
  <testcase name="XX" classname="BreakerTest" time="0.001"/>
  <testcase name="XXX" classname="BreakerTest" time="0.002"/>
  <testcase name="XXXX" classname="BreakerTest" time="0.001"/>
  <testcase name="XX__" classname="BreakerTest" time="0.001"/>
  <testcase name="X___" classname="BreakerTest" time="0.001"/>
  <testcase name="tresRayas" classname="BreakerTest" time="0.007"/>
  <testcase name="sinRayas" classname="BreakerTest" time="0.002"/>
  <testcase name="dosRayas" classname="BreakerTest" time="0.001"/>
  <system-out><![CDATA[]]></system-out>
  <system-err><![CDATA[]]></system-err>
</testsuite>
